<?xml version="1.0" encoding="UTF-8"?>
<testsuite xmlns:xsi="http://www.w3.org/2001/XMLSchema-instance" xsi:noNamespaceSchemaLocation="https://maven.apache.org/surefire/maven-surefire-plugin/xsd/surefire-test-report.xsd" name="com.lin.AppTest" time="0.047" tests="1" errors="0" skipped="0" failures="0">
  <properties>
    <property name="sun.desktop" value="windows"/>
    <property name="awt.toolkit" value="sun.awt.windows.WToolkit"/>
    <property name="java.specification.version" value="11"/>
    <property name="sun.cpu.isalist" value="amd64"/>
    <property name="sun.jnu.encoding" value="GBK"/>
    <property name="java.class.path" value="D:\AWorkProject\Mavendemo2\target\test-classes;D:\AWorkProject\Mavendemo2\target\classes;D:\Maven\localRtpository\junit\junit\4.11\junit-4.11.jar;D:\Maven\localRtpository\org\hamcrest\hamcrest-core\1.3\hamcrest-core-1.3.jar;"/>
    <property name="java.vm.vendor" value="Oracle Corporation"/>
    <property name="sun.arch.data.model" value="64"/>
    <property name="user.variant" value=""/>
    <property name="java.vendor.url" value="https://openjdk.java.net/"/>
    <property name="user.timezone" value="Asia/Shanghai"/>
    <property name="java.vm.specification.version" value="11"/>
    <property name="os.name" value="Windows 11"/>
    <property name="sun.java.launcher" value="SUN_STANDARD"/>
    <property name="user.country" value="CN"/>
    <property name="sun.boot.library.path" value="D:\Java\jdk11\bin"/>
    <property name="sun.java.command" value="C:\Users\86131\AppData\Local\Temp\surefire17485562371701607304\surefirebooter2592677751486081211.jar C:\Users\86131\AppData\Local\Temp\surefire17485562371701607304 2023-11-06T10-01-23_123-jvmRun1 surefire4034608145180370480tmp surefire_06954111735733176115tmp"/>
    <property name="jdk.debug" value="release"/>
    <property name="surefire.test.class.path" value="D:\AWorkProject\Mavendemo2\target\test-classes;D:\AWorkProject\Mavendemo2\target\classes;D:\Maven\localRtpository\junit\junit\4.11\junit-4.11.jar;D:\Maven\localRtpository\org\hamcrest\hamcrest-core\1.3\hamcrest-core-1.3.jar;"/>
    <property name="sun.cpu.endian" value="little"/>
    <property name="user.home" value="C:\Users\86131"/>
    <property name="user.language" value="zh"/>
    <property name="java.specification.vendor" value="Oracle Corporation"/>
    <property name="java.version.date" value="2023-07-18"/>
    <property name="java.home" value="D:\Java\jdk11"/>
    <property name="file.separator" value="\"/>
    <property name="basedir" value="D:\AWorkProject\Mavendemo2"/>
    <property name="java.vm.compressedOopsMode" value="Zero based"/>
    <property name="line.separator" value="&#10;"/>
    <property name="java.specification.name" value="Java Platform API Specification"/>
    <property name="java.vm.specification.vendor" value="Oracle Corporation"/>
    <property name="java.awt.graphicsenv" value="sun.awt.Win32GraphicsEnvironment"/>
    <property name="surefire.real.class.path" value="C:\Users\86131\AppData\Local\Temp\surefire17485562371701607304\surefirebooter2592677751486081211.jar"/>
    <property name="user.script" value=""/>
    <property name="sun.management.compiler" value="HotSpot 64-Bit Tiered Compilers"/>
    <property name="java.runtime.version" value="11.0.20+9-LTS-256"/>
    <property name="user.name" value="86131"/>
    <property name="path.separator" value=";"/>
    <property name="os.version" value="10.0"/>
    <property name="java.runtime.name" value="Java(TM) SE Runtime Environment"/>
    <property name="file.encoding" value="GBK"/>
    <property name="java.vm.name" value="Java HotSpot(TM) 64-Bit Server VM"/>
    <property name="java.vendor.version" value="18.9"/>
    <property name="localRepository" value="D:\Maven\localRtpository"/>
    <property name="java.vendor.url.bug" value="https://bugreport.java.com/bugreport/"/>
    <property name="java.io.tmpdir" value="C:\Users\86131\AppData\Local\Temp\"/>
    <property name="idea.version" value="2021.3.1"/>
    <property name="java.version" value="11.0.20"/>
    <property name="user.dir" value="D:\AWorkProject\Mavendemo2"/>
    <property name="os.arch" value="amd64"/>
    <property name="java.vm.specification.name" value="Java Virtual Machine Specification"/>
    <property name="java.awt.printerjob" value="sun.awt.windows.WPrinterJob"/>
    <property name="sun.os.patch.level" value=""/>
    <property name="java.library.path" value="D:\Java\jdk11\bin;C:\WINDOWS\Sun\Java\bin;C:\WINDOWS\system32;C:\WINDOWS;C:\Program Files\Common Files\Oracle\Java\javapath;C:\ProgramData\Oracle\Java\javapath;C:\Program Files\PlasticSCM5\server;C:\Program Files\PlasticSCM5\client;D:\CZXT\VMware Player\bin\;C:\oraclexe\app\oracle\product\11.2.0\server\bin;C:\WINDOWS\system32;C:\WINDOWS;C:\WINDOWS\System32\Wbem;C:\WINDOWS\System32\WindowsPowerShell\v1.0\;C:\WINDOWS\System32\OpenSSH\;D:\MATLAB2021\runtime\win64;D:\MATLAB2021\bin;D:\MATLAB2021\polyspace\bin;D:\Matlab2020b\runtime\win64;D:\Matlab2020b\bin;D:\Matlab2020b\polyspace\bin;D:\MATLAB2019b\runtime\win64;D:\MATLAB2019b\bin;D:\MATLAB2019b\polyspace\bin;D:\Java\jdk-9.0.4\bin;D:\RuanJianGongCheng-Rational\2022R\common;C:\WINDOWS\system32;C:\WINDOWS;C:\WINDOWS\System32\Wbem;C:\WINDOWS\System32\WindowsPowerShell\v1.0\;C:\WINDOWS\System32\OpenSSH\;C:\strawberry\c\bin;C:\strawberry\perl\bin;D:\SQL\Program Files(x86)\Microsoft SQL Server\100\Tools\Binn\;D:\SQL\Program Files\Microsoft SQL Server\100\Tools\Binn\;D:\SQL\Program Files\Microsoft SQL Server\100\DTS\Binn\;D:\SQL\Program Files(x86)\Microsoft SQL Server\100\Tools\Binn\VSShell\Common7\IDE\;C:\Program Files (x86)\Microsoft Visual Studio 9.0\Common7\IDE\PrivateAssemblies\;D:\SQL\Program Files(x86)\Microsoft SQL Server\100\DTS\Binn\;C:\Program Files\Microsoft SQL Server\Client SDK\ODBC\170\Tools\Binn\;C:\Program Files\Microsoft SQL Server\130\Tools\Binn\;C:\Program Files\dotnet\;D:\TortoiseGit\bin;D:\nvm;D:\NodeJs14;D:\Redis\;D:\Maven\apache-maven-3.6.1\bin;D:\Tomcat\apache-tomcat-9.0.80\bin;D:\Java\jdk11\bin;C:\Users\86131\AppData\Local\Microsoft\WindowsApps;D:\VS-Code\bin;D:\Program Files\bin;;D:\PyChart\PyCharm Community\bin;;C:\Users\86131\.dotnet\tools;D:\IDEA\IntelliJ IDEA 2021.3.1\bin;;%M2_HOME%\bin;D:\Python01;D:\Python01\Python3\Scripts;C:\Users\86131\AppData\Roaming\npm;D:\nvm;D:\NodeJs14;."/>
    <property name="java.vendor" value="Oracle Corporation"/>
    <property name="java.vm.info" value="mixed mode"/>
    <property name="java.vm.version" value="11.0.20+9-LTS-256"/>
    <property name="java.specification.maintenance.version" value="2"/>
    <property name="sun.io.unicode.encoding" value="UnicodeLittle"/>
    <property name="java.class.version" value="55.0"/>
  </properties>
  <testcase name="shouldAnswerWithTrue" classname="com.lin.AppTest" time="0.016"/>
</testsuite>